<?xml version="1.0" encoding="UTF-8"?>
<!-- Generated by org.testng.reporters.JUnitXMLReporter -->
<testsuite ignored="0" hostname="DESKTOP-PVBJ9N2" failures="0" tests="2" name="Default test" time="0.097" errors="0" timestamp="2022-07-31T22:23:03 IST">
  <testcase classname="com.prestocafe.test.LoginTest" name="@BeforeTest initializeDriverandLaunchUrl" time="0.012">
    <failure type="java.lang.NullPointerException" message="Cannot invoke &amp;quot;com.prestocafe.actions.WebActionHelpers.initializeDriver(String)&amp;quot; because &amp;quot;this.webactionhelpers&amp;quot; is null">
      <![CDATA[java.lang.NullPointerException: Cannot invoke "com.prestocafe.actions.WebActionHelpers.initializeDriver(String)" because "this.webactionhelpers" is null
at com.prestocafe.test.LoginTest.initializeDriverandLaunchUrl(LoginTest.java:25)
at java.base/jdk.internal.reflect.NativeMethodAccessorImpl.invoke0(Native Method)
at java.base/jdk.internal.reflect.NativeMethodAccessorImpl.invoke(NativeMethodAccessorImpl.java:77)
at java.base/jdk.internal.reflect.DelegatingMethodAccessorImpl.invoke(DelegatingMethodAccessorImpl.java:43)
at java.base/java.lang.reflect.Method.invoke(Method.java:568)
at org.testng.internal.MethodInvocationHelper.invokeMethod(MethodInvocationHelper.java:133)
at org.testng.internal.MethodInvocationHelper.invokeMethodConsideringTimeout(MethodInvocationHelper.java:62)
at org.testng.internal.ConfigInvoker.invokeConfigurationMethod(ConfigInvoker.java:385)
at org.testng.internal.ConfigInvoker.invokeConfigurations(ConfigInvoker.java:321)
at org.testng.TestRunner.invokeTestConfigurations(TestRunner.java:637)
at org.testng.TestRunner.beforeRun(TestRunner.java:627)
at org.testng.TestRunner.run(TestRunner.java:589)
at org.testng.SuiteRunner.runTest(SuiteRunner.java:377)
at org.testng.SuiteRunner.runSequentially(SuiteRunner.java:371)
at org.testng.SuiteRunner.privateRun(SuiteRunner.java:332)
at org.testng.SuiteRunner.run(SuiteRunner.java:276)
at org.testng.SuiteRunnerWorker.runSuite(SuiteRunnerWorker.java:53)
at org.testng.SuiteRunnerWorker.run(SuiteRunnerWorker.java:96)
at org.testng.TestNG.runSuitesSequentially(TestNG.java:1212)
at org.testng.TestNG.runSuitesLocally(TestNG.java:1134)
at org.testng.TestNG.runSuites(TestNG.java:1063)
at org.testng.TestNG.run(TestNG.java:1031)
at org.testng.remote.AbstractRemoteTestNG.run(AbstractRemoteTestNG.java:115)
at org.testng.remote.RemoteTestNG.initAndRun(RemoteTestNG.java:251)
at org.testng.remote.RemoteTestNG.main(RemoteTestNG.java:77)
]]>
    </failure>
  </testcase> <!-- @BeforeTest initializeDriverandLaunchUrl -->
  <testcase classname="com.prestocafe.test.LoginTest" name="@AfterTest closeWindow" time="-1.659286383818E9">
    <skipped/>
  </testcase> <!-- @AfterTest closeWindow -->
  <testcase classname="com.prestocafe.test.LoginTest" name="checkElementsDisplayed" time="0.0">
    <skipped/>
  </testcase> <!-- checkElementsDisplayed -->
  <testcase classname="com.prestocafe.test.LoginTest" name="validLogin" time="0.0">
    <skipped/>
  </testcase> <!-- validLogin -->
</testsuite> <!-- Default test -->
